# JRE version: OpenJDK Runtime Environment (9.0) (build 9-internal+0-2016-04-14-195246.buildd.src)
# Java VM: OpenJDK 64-Bit Server VM (9-internal+0-2016-04-14-195246.buildd.src, mixed mode, tiered, compressed oops, g1 gc, linux-amd64)
Heap:
 garbage-first heap   total 331776K, used 28485K [0x0000000094000000, 0x0000000094100a20, 0x0000000100000000)
  region size 1024K, 21 young (21504K), 4 survivors (4096K)
 Metaspace       used 26850K, capacity 28959K, committed 29312K, reserved 1073152K
  class space    used 5432K, capacity 6205K, committed 6272K, reserved 1048576K
GC Heap History (10 events):
Event: 0,646 GC heap before
{Heap before GC invocations=0 (full 0):
 garbage-first heap   total 110592K, used 7168K [0x0000000094000000, 0x0000000094100360, 0x0000000100000000)
  region size 1024K, 7 young (7168K), 0 survivors (0K)
 Metaspace       used 5927K, capacity 6024K, committed 6144K, reserved 1056768K
  class space    used 629K, capacity 653K, committed 768K, reserved 1048576K
}
Event: 0,654 GC heap after
{Heap after GC invocations=1 (full 0):
 garbage-first heap   total 110592K, used 2532K [0x0000000094000000, 0x0000000094100360, 0x0000000100000000)
  region size 1024K, 1 young (1024K), 1 survivors (1024K)
 Metaspace       used 5927K, capacity 6024K, committed 6144K, reserved 1056768K
  class space    used 629K, capacity 653K, committed 768K, reserved 1048576K
}
Event: 3,095 GC heap before
{Heap before GC invocations=1 (full 0):
 garbage-first heap   total 110592K, used 67044K [0x0000000094000000, 0x0000000094100360, 0x0000000100000000)
  region size 1024K, 64 young (65536K), 1 survivors (1024K)
 Metaspace       used 13375K, capacity 13881K, committed 14080K, reserved 1060864K
  class space    used 2537K, capacity 2727K, committed 2816K, reserved 1048576K
}
Event: 3,121 GC heap after
{Heap after GC invocations=2 (full 0):
 garbage-first heap   total 110592K, used 11932K [0x0000000094000000, 0x0000000094100360, 0x0000000100000000)
  region size 1024K, 8 young (8192K), 8 survivors (8192K)
 Metaspace       used 13375K, capacity 13881K, committed 14080K, reserved 1060864K
  class space    used 2537K, capacity 2727K, committed 2816K, reserved 1048576K
}
Event: 3,662 GC heap before
{Heap before GC invocations=2 (full 0):
 garbage-first heap   total 110592K, used 34460K [0x0000000094000000, 0x0000000094100360, 0x0000000100000000)
  region size 1024K, 30 young (30720K), 8 survivors (8192K)
 Metaspace       used 14112K, capacity 14925K, committed 15104K, reserved 1060864K
  class space    used 2751K, capacity 3038K, committed 3072K, reserved 1048576K
}
Event: 3,677 GC heap after
{Heap after GC invocations=3 (full 0):
 garbage-first heap   total 110592K, used 11228K [0x0000000094000000, 0x0000000094100360, 0x0000000100000000)
  region size 1024K, 2 young (2048K), 2 survivors (2048K)
 Metaspace       used 14112K, capacity 14925K, committed 15104K, reserved 1060864K
  class space    used 2751K, capacity 3038K, committed 3072K, reserved 1048576K
}
Event: 4,459 GC heap before
{Heap before GC invocations=3 (full 0):
 garbage-first heap   total 110592K, used 57308K [0x0000000094000000, 0x0000000094100360, 0x0000000100000000)
  region size 1024K, 47 young (48128K), 2 survivors (2048K)
 Metaspace       used 15077K, capacity 16505K, committed 16768K, reserved 1062912K
  class space    used 3109K, capacity 3626K, committed 3712K, reserved 1048576K
}
Event: 4,473 GC heap after
{Heap after GC invocations=4 (full 0):
 garbage-first heap   total 331776K, used 11734K [0x0000000094000000, 0x0000000094100a20, 0x0000000100000000)
  region size 1024K, 2 young (2048K), 2 survivors (2048K)
 Metaspace       used 15077K, capacity 16505K, committed 16768K, reserved 1062912K
  class space    used 3109K, capacity 3626K, committed 3712K, reserved 1048576K
}
Event: 5,283 GC heap before
{Heap before GC invocations=4 (full 0):
 garbage-first heap   total 331776K, used 45526K [0x0000000094000000, 0x0000000094100a20, 0x0000000100000000)
  region size 1024K, 36 young (36864K), 2 survivors (2048K)
 Metaspace       used 19292K, capacity 21159K, committed 21296K, reserved 1067008K
  class space    used 4060K, capacity 4735K, committed 4736K, reserved 1048576K
}
Event: 5,295 GC heap after
{Heap after GC invocations=5 (full 0):
 garbage-first heap   total 331776K, used 14149K [0x0000000094000000, 0x0000000094100a20, 0x0000000100000000)
  region size 1024K, 4 young (4096K), 4 survivors (4096K)
 Metaspace       used 19292K, capacity 21159K, committed 21296K, reserved 1067008K
  class space    used 4060K, capacity 4735K, committed 4736K, reserved 1048576K
}

