# JRE version: OpenJDK Runtime Environment (9.0) (build 9-internal+0-2016-04-14-195246.buildd.src)
# Java VM: OpenJDK 64-Bit Server VM (9-internal+0-2016-04-14-195246.buildd.src, mixed mode, tiered, compressed oops, g1 gc, linux-amd64)
Heap:
 garbage-first heap   total 331776K, used 27152K [0x0000000094000000, 0x0000000094100a20, 0x0000000100000000)
  region size 1024K, 20 young (20480K), 4 survivors (4096K)
 Metaspace       used 26527K, capacity 28653K, committed 28800K, reserved 1071104K
  class space    used 5394K, capacity 6172K, committed 6272K, reserved 1048576K
GC Heap History (10 events):
Event: 0,631 GC heap before
{Heap before GC invocations=0 (full 0):
 garbage-first heap   total 110592K, used 7168K [0x0000000094000000, 0x0000000094100360, 0x0000000100000000)
  region size 1024K, 7 young (7168K), 0 survivors (0K)
 Metaspace       used 5931K, capacity 6072K, committed 6400K, reserved 1056768K
  class space    used 629K, capacity 653K, committed 768K, reserved 1048576K
}
Event: 0,641 GC heap after
{Heap after GC invocations=1 (full 0):
 garbage-first heap   total 110592K, used 2440K [0x0000000094000000, 0x0000000094100360, 0x0000000100000000)
  region size 1024K, 1 young (1024K), 1 survivors (1024K)
 Metaspace       used 5931K, capacity 6072K, committed 6400K, reserved 1056768K
  class space    used 629K, capacity 653K, committed 768K, reserved 1048576K
}
Event: 3,005 GC heap before
{Heap before GC invocations=1 (full 0):
 garbage-first heap   total 110592K, used 66952K [0x0000000094000000, 0x0000000094100360, 0x0000000100000000)
  region size 1024K, 64 young (65536K), 1 survivors (1024K)
 Metaspace       used 13384K, capacity 13865K, committed 14080K, reserved 1060864K
  class space    used 2537K, capacity 2727K, committed 2816K, reserved 1048576K
}
Event: 3,028 GC heap after
{Heap after GC invocations=2 (full 0):
 garbage-first heap   total 110592K, used 11806K [0x0000000094000000, 0x0000000094100360, 0x0000000100000000)
  region size 1024K, 8 young (8192K), 8 survivors (8192K)
 Metaspace       used 13384K, capacity 13865K, committed 14080K, reserved 1060864K
  class space    used 2537K, capacity 2727K, committed 2816K, reserved 1048576K
}
Event: 3,645 GC heap before
{Heap before GC invocations=2 (full 0):
 garbage-first heap   total 110592K, used 39454K [0x0000000094000000, 0x0000000094100360, 0x0000000100000000)
  region size 1024K, 35 young (35840K), 8 survivors (8192K)
 Metaspace       used 14223K, capacity 15197K, committed 15488K, reserved 1060864K
  class space    used 2795K, capacity 3138K, committed 3200K, reserved 1048576K
}
Event: 3,660 GC heap after
{Heap after GC invocations=3 (full 0):
 garbage-first heap   total 110592K, used 10960K [0x0000000094000000, 0x0000000094100360, 0x0000000100000000)
  region size 1024K, 2 young (2048K), 2 survivors (2048K)
 Metaspace       used 14223K, capacity 15197K, committed 15488K, reserved 1060864K
  class space    used 2795K, capacity 3138K, committed 3200K, reserved 1048576K
}
Event: 4,430 GC heap before
{Heap before GC invocations=3 (full 0):
 garbage-first heap   total 110592K, used 58064K [0x0000000094000000, 0x0000000094100360, 0x0000000100000000)
  region size 1024K, 48 young (49152K), 2 survivors (2048K)
 Metaspace       used 15259K, capacity 16741K, committed 16896K, reserved 1062912K
  class space    used 3162K, capacity 3714K, committed 3840K, reserved 1048576K
}
Event: 4,449 GC heap after
{Heap after GC invocations=4 (full 0):
 garbage-first heap   total 331776K, used 11719K [0x0000000094000000, 0x0000000094100a20, 0x0000000100000000)
  region size 1024K, 2 young (2048K), 2 survivors (2048K)
 Metaspace       used 15259K, capacity 16741K, committed 16896K, reserved 1062912K
  class space    used 3162K, capacity 3714K, committed 3840K, reserved 1048576K
}
Event: 5,111 GC heap before
{Heap before GC invocations=4 (full 0):
 garbage-first heap   total 331776K, used 39367K [0x0000000094000000, 0x0000000094100a20, 0x0000000100000000)
  region size 1024K, 30 young (30720K), 2 survivors (2048K)
 Metaspace       used 19264K, capacity 21111K, committed 21248K, reserved 1064960K
  class space    used 4054K, capacity 4767K, committed 4864K, reserved 1048576K
}
Event: 5,122 GC heap after
{Heap after GC invocations=5 (full 0):
 garbage-first heap   total 331776K, used 13840K [0x0000000094000000, 0x0000000094100a20, 0x0000000100000000)
  region size 1024K, 4 young (4096K), 4 survivors (4096K)
 Metaspace       used 19264K, capacity 21111K, committed 21248K, reserved 1064960K
  class space    used 4054K, capacity 4767K, committed 4864K, reserved 1048576K
}

